build/app/intermediates/manifest_merge_blame_file/debug/manifest-merger-blame-debug-report.txt
1<?xml version="1.0" encoding="utf-8"?>
2<manifest xmlns:android="http://schemas.android.com/apk/res/android"
3    package="com.example.konnex"
4    android:versionCode="1"
5    android:versionName="1.0" >
6
7    <uses-sdk
8        android:minSdkVersion="22"
9        android:targetSdkVersion="29" />
10    <!--
11         Flutter needs it to communicate with the running application
12         to allow setting breakpoints, to provide hot reload, etc.
13    -->
14    <uses-permission android:name="android.permission.INTERNET" />
14-->src\debug\AndroidManifest.xml:6:5-66
14-->src\debug\AndroidManifest.xml:6:22-64
15    <uses-permission android:name="android.permission.FOREGROUND_SERVICE" />
15-->[:floaty_head] AndroidManifest.xml:10:5-77
15-->[:floaty_head] AndroidManifest.xml:10:22-74
16    <uses-permission android:name="android.permission.WAKE_LOCK" />
16-->[:floaty_head] AndroidManifest.xml:11:5-68
16-->[:floaty_head] AndroidManifest.xml:11:22-65
17    <uses-permission android:name="android.permission.SYSTEM_ALERT_WINDOW" />
17-->[:floaty_head] AndroidManifest.xml:12:5-78
17-->[:floaty_head] AndroidManifest.xml:12:22-75
18    <uses-permission android:name="android.permission.READ_EXTERNAL_STORAGE" />
18-->[com.instabug.library:instabug-bug:9.1.8.2] AndroidManifest.xml:11:5-80
18-->[com.instabug.library:instabug-bug:9.1.8.2] AndroidManifest.xml:11:22-77
19    <uses-permission android:name="android.permission.ACCESS_NETWORK_STATE" />
19-->[com.instabug.library:instabug-core:9.1.8.2] AndroidManifest.xml:10:5-79
19-->[com.instabug.library:instabug-core:9.1.8.2] AndroidManifest.xml:10:22-76
20    <uses-permission
20-->[com.instabug.library:instabug-core:9.1.8.2] AndroidManifest.xml:11:5-13:38
21        android:name="android.permission.WRITE_EXTERNAL_STORAGE"
21-->[com.instabug.library:instabug-core:9.1.8.2] AndroidManifest.xml:12:9-65
22        android:maxSdkVersion="28" />
22-->[com.instabug.library:instabug-core:9.1.8.2] AndroidManifest.xml:13:9-35
23    <uses-permission android:name="android.permission.ACCESS_WIFI_STATE" />
23-->[com.instabug.library:instabug-core:9.1.8.2] AndroidManifest.xml:15:5-76
23-->[com.instabug.library:instabug-core:9.1.8.2] AndroidManifest.xml:15:22-73
24    <uses-permission android:name="android.permission.RECORD_AUDIO" />
24-->[com.instabug.library:instabug-core:9.1.8.2] AndroidManifest.xml:16:5-71
24-->[com.instabug.library:instabug-core:9.1.8.2] AndroidManifest.xml:16:22-68
25    <uses-permission android:name="android.permission.MODIFY_AUDIO_SETTINGS" />
25-->[com.instabug.library:instabug-core:9.1.8.2] AndroidManifest.xml:17:5-80
25-->[com.instabug.library:instabug-core:9.1.8.2] AndroidManifest.xml:17:22-77
26    <!--
27 io.flutter.app.FlutterApplication is an android.app.Application that
28         calls FlutterMain.startInitialization(this); in its onCreate method.
29         In most cases you can leave this as-is, but you if you want to provide
30         additional functionality it is fine to subclass or reimplement
31         FlutterApplication and put your custom class here.
32    -->
33    <application
33-->src\main\AndroidManifest.xml:8:5-47:19
34        android:name="io.flutter.app.FlutterApplication"
34-->src\main\AndroidManifest.xml:9:9-57
35        android:allowBackup="true"
35-->[com.github.livechat:chat-window-android:v2.1.2] AndroidManifest.xml:11:18-44
36        android:appComponentFactory="androidx.core.app.CoreComponentFactory"
36-->[androidx.core:core:1.3.1] AndroidManifest.xml:24:18-86
37        android:debuggable="true"
38        android:hardwareAccelerated="false"
38-->src\main\AndroidManifest.xml:11:9-44
39        android:icon="@mipmap/ic_launcher"
39-->src\main\AndroidManifest.xml:12:9-43
40        android:label="Konnex" >
40-->src\main\AndroidManifest.xml:10:9-31
41        <activity
41-->src\main\AndroidManifest.xml:13:9-41:20
42            android:name="com.example.konnex.MainActivity"
42-->src\main\AndroidManifest.xml:14:13-41
43            android:configChanges="orientation|keyboardHidden|keyboard|screenSize|smallestScreenSize|locale|layoutDirection|fontScale|screenLayout|density|uiMode"
43-->src\main\AndroidManifest.xml:17:13-163
44            android:hardwareAccelerated="true"
44-->src\main\AndroidManifest.xml:18:13-47
45            android:launchMode="singleTop"
45-->src\main\AndroidManifest.xml:15:13-43
46            android:theme="@style/LaunchTheme"
46-->src\main\AndroidManifest.xml:16:13-47
47            android:windowSoftInputMode="adjustResize" >
47-->src\main\AndroidManifest.xml:19:13-55
48
49            <!--
50                 Specifies an Android theme to apply to this Activity as soon as
51                 the Android process has started. This theme is visible to the user
52                 while the Flutter UI initializes. After that, this theme continues
53                 to determine the Window background behind the Flutter UI.
54            -->
55            <meta-data
55-->src\main\AndroidManifest.xml:24:13-27:17
56                android:name="io.flutter.embedding.android.NormalTheme"
56-->src\main\AndroidManifest.xml:25:15-70
57                android:resource="@style/NormalTheme" />
57-->src\main\AndroidManifest.xml:26:15-52
58            <!--
59                 Displays an Android View that continues showing the launch screen
60                 Drawable until Flutter paints its first frame, then this splash
61                 screen fades out. A splash screen is useful to avoid any visual
62                 gap between the end of Android's launch screen and the painting of
63                 Flutter's first frame.
64            -->
65            <meta-data
65-->src\main\AndroidManifest.xml:33:13-36:17
66                android:name="io.flutter.embedding.android.SplashScreenDrawable"
66-->src\main\AndroidManifest.xml:34:15-79
67                android:resource="@drawable/launch_background" />
67-->src\main\AndroidManifest.xml:35:15-61
68
69            <intent-filter>
69-->src\main\AndroidManifest.xml:37:13-40:29
70                <action android:name="android.intent.action.MAIN" />
70-->src\main\AndroidManifest.xml:38:17-68
70-->src\main\AndroidManifest.xml:38:25-66
71
72                <category android:name="android.intent.category.LAUNCHER" />
72-->src\main\AndroidManifest.xml:39:17-76
72-->src\main\AndroidManifest.xml:39:27-74
73            </intent-filter>
74        </activity>
75        <!--
76             Don't delete the meta-data below.
77             This is used by the Flutter tool to generate GeneratedPluginRegistrant.java
78        -->
79        <meta-data
79-->src\main\AndroidManifest.xml:44:9-46:33
80            android:name="flutterEmbedding"
80-->src\main\AndroidManifest.xml:45:13-44
81            android:value="2" />
81-->src\main\AndroidManifest.xml:46:13-30
82
83        <activity
83-->[:floaty_head] AndroidManifest.xml:15:9-23:35
84            android:name="ni.devotion.floaty_head.MainActivity"
84-->[:floaty_head] AndroidManifest.xml:16:13-64
85            android:allowEmbedded="true"
85-->[:floaty_head] AndroidManifest.xml:17:13-41
86            android:documentLaunchMode="always"
86-->[:floaty_head] AndroidManifest.xml:18:13-48
87            android:label="floaty_head"
87-->[:floaty_head] AndroidManifest.xml:19:13-40
88            android:resizeableActivity="true"
88-->[:floaty_head] AndroidManifest.xml:20:13-46
89            android:showOnLockScreen="true"
89-->[:floaty_head] AndroidManifest.xml:21:13-44
90            android:theme="@style/AppTheme.NoActionBar" />
90-->[:floaty_head] AndroidManifest.xml:22:13-56
91
92        <service
92-->[:floaty_head] AndroidManifest.xml:25:9-29:74
93            android:name="ni.devotion.floaty_head.services.FloatyIconService"
93-->[:floaty_head] AndroidManifest.xml:26:13-78
94            android:enabled="true"
94-->[:floaty_head] AndroidManifest.xml:27:13-35
95            android:exported="true"
95-->[:floaty_head] AndroidManifest.xml:28:13-36
96            android:permission="android.permission.FOREGROUND_SERVICE" />
96-->[:floaty_head] AndroidManifest.xml:29:13-71
97        <service
97-->[:floaty_head] AndroidManifest.xml:30:9-34:72
98            android:name="ni.devotion.floaty_head.services.FloatyContentJobService"
98-->[:floaty_head] AndroidManifest.xml:31:13-84
99            android:enabled="true"
99-->[:floaty_head] AndroidManifest.xml:32:13-35
100            android:exported="false"
100-->[:floaty_head] AndroidManifest.xml:33:13-37
101            android:permission="android.permission.BIND_JOB_SERVICE" />
101-->[:floaty_head] AndroidManifest.xml:34:13-69
102
103        <activity
103-->[com.instabug.library:instabug-survey:9.1.8.2] AndroidManifest.xml:12:9-17:58
104            android:name="com.instabug.survey.ui.SurveyActivity"
104-->[com.instabug.library:instabug-survey:9.1.8.2] AndroidManifest.xml:13:13-65
105            android:configChanges="orientation|screenSize"
105-->[com.instabug.library:instabug-survey:9.1.8.2] AndroidManifest.xml:14:13-59
106            android:launchMode="singleTask"
106-->[com.instabug.library:instabug-survey:9.1.8.2] AndroidManifest.xml:15:13-44
107            android:theme="@style/InstabugTranslucentSdkTheme"
107-->[com.instabug.library:instabug-survey:9.1.8.2] AndroidManifest.xml:16:13-63
108            android:windowSoftInputMode="adjustResize" />
108-->[com.instabug.library:instabug-survey:9.1.8.2] AndroidManifest.xml:17:13-55
109        <activity
109-->[com.instabug.library:instabug-survey:9.1.8.2] AndroidManifest.xml:18:9-23:58
110            android:name="com.instabug.survey.announcements.ui.activity.AnnouncementActivity"
110-->[com.instabug.library:instabug-survey:9.1.8.2] AndroidManifest.xml:19:13-94
111            android:configChanges="orientation|screenSize"
111-->[com.instabug.library:instabug-survey:9.1.8.2] AndroidManifest.xml:20:13-59
112            android:launchMode="singleTop"
112-->[com.instabug.library:instabug-survey:9.1.8.2] AndroidManifest.xml:21:13-43
113            android:theme="@style/InstabugTranslucentSdkTheme"
113-->[com.instabug.library:instabug-survey:9.1.8.2] AndroidManifest.xml:22:13-63
114            android:windowSoftInputMode="adjustResize" />
114-->[com.instabug.library:instabug-survey:9.1.8.2] AndroidManifest.xml:23:13-55
115
116        <service
116-->[com.instabug.library:instabug-survey:9.1.8.2] AndroidManifest.xml:25:9-27:72
117            android:name="com.instabug.survey.network.service.InstabugSurveysSubmitterService"
117-->[com.instabug.library:instabug-survey:9.1.8.2] AndroidManifest.xml:26:13-95
118            android:permission="android.permission.BIND_JOB_SERVICE" />
118-->[com.instabug.library:instabug-survey:9.1.8.2] AndroidManifest.xml:27:13-69
119        <service
119-->[com.instabug.library:instabug-survey:9.1.8.2] AndroidManifest.xml:28:9-30:72
120            android:name="com.instabug.survey.announcements.network.InstabugAnnouncementSubmitterService"
120-->[com.instabug.library:instabug-survey:9.1.8.2] AndroidManifest.xml:29:13-106
121            android:permission="android.permission.BIND_JOB_SERVICE" />
121-->[com.instabug.library:instabug-survey:9.1.8.2] AndroidManifest.xml:30:13-69
122        <service
122-->[com.instabug.library:instabug-crash:9.1.8.2] AndroidManifest.xml:12:9-14:72
123            android:name="com.instabug.crash.network.InstabugCrashesUploaderService"
123-->[com.instabug.library:instabug-crash:9.1.8.2] AndroidManifest.xml:13:13-85
124            android:permission="android.permission.BIND_JOB_SERVICE" />
124-->[com.instabug.library:instabug-crash:9.1.8.2] AndroidManifest.xml:14:13-69
125
126        <activity
126-->[com.instabug.library:instabug-bug:9.1.8.2] AndroidManifest.xml:14:9-32:20
127            android:name="com.instabug.bug.view.reporting.ReportingContainerActivity"
127-->[com.instabug.library:instabug-bug:9.1.8.2] AndroidManifest.xml:15:13-86
128            android:configChanges="orientation|keyboardHidden|screenSize"
128-->[com.instabug.library:instabug-bug:9.1.8.2] AndroidManifest.xml:16:13-74
129            android:launchMode="singleTask"
129-->[com.instabug.library:instabug-bug:9.1.8.2] AndroidManifest.xml:17:13-44
130            android:theme="@style/InstabugSdkTheme"
130-->[com.instabug.library:instabug-bug:9.1.8.2] AndroidManifest.xml:18:13-52
131            android:windowSoftInputMode="adjustResize" >
131-->[com.instabug.library:instabug-bug:9.1.8.2] AndroidManifest.xml:19:13-55
132            <intent-filter>
132-->[com.instabug.library:instabug-bug:9.1.8.2] AndroidManifest.xml:20:13-31:29
133                <data
133-->[com.instabug.library:instabug-bug:9.1.8.2] AndroidManifest.xml:21:17-23:53
134                    android:host="instabug-disclaimer.com"
134-->[com.instabug.library:instabug-bug:9.1.8.2] AndroidManifest.xml:22:21-59
135                    android:scheme="instabug-bug" />
135-->[com.instabug.library:instabug-bug:9.1.8.2] AndroidManifest.xml:23:21-50
136                <data
136-->[com.instabug.library:instabug-bug:9.1.8.2] AndroidManifest.xml:21:17-23:53
137                    android:host="instabug-disclaimer.com"
137-->[com.instabug.library:instabug-bug:9.1.8.2] AndroidManifest.xml:22:21-59
138                    android:scheme="repro-steps-disclaimer" />
138-->[com.instabug.library:instabug-bug:9.1.8.2] AndroidManifest.xml:23:21-50
139
140                <category android:name="android.intent.category.DEFAULT" />
140-->[com.instabug.library:instabug-bug:9.1.8.2] AndroidManifest.xml:28:17-76
140-->[com.instabug.library:instabug-bug:9.1.8.2] AndroidManifest.xml:28:27-73
141
142                <action android:name="android.intent.action.VIEW" />
142-->[com.instabug.library:instabug-bug:9.1.8.2] AndroidManifest.xml:30:17-69
142-->[com.instabug.library:instabug-bug:9.1.8.2] AndroidManifest.xml:30:25-66
143            </intent-filter>
144        </activity>
145
146        <service
146-->[com.instabug.library:instabug-bug:9.1.8.2] AndroidManifest.xml:34:9-36:72
147            android:name="com.instabug.bug.network.InstabugBugsUploaderService"
147-->[com.instabug.library:instabug-bug:9.1.8.2] AndroidManifest.xml:35:13-80
148            android:permission="android.permission.BIND_JOB_SERVICE" />
148-->[com.instabug.library:instabug-bug:9.1.8.2] AndroidManifest.xml:36:13-69
149        <service
149-->[com.instabug.library:instabug-bug:9.1.8.2] AndroidManifest.xml:37:9-39:72
150            android:name="com.instabug.bug.view.actionList.service.ReportCategoriesService"
150-->[com.instabug.library:instabug-bug:9.1.8.2] AndroidManifest.xml:38:13-92
151            android:permission="android.permission.BIND_JOB_SERVICE" />
151-->[com.instabug.library:instabug-bug:9.1.8.2] AndroidManifest.xml:39:13-69
152
153        <activity
153-->[com.instabug.library:instabug-chat:9.1.8.2] AndroidManifest.xml:12:9-17:58
154            android:name="com.instabug.chat.ui.ChatActivity"
154-->[com.instabug.library:instabug-chat:9.1.8.2] AndroidManifest.xml:13:13-61
155            android:configChanges="orientation|screenSize"
155-->[com.instabug.library:instabug-chat:9.1.8.2] AndroidManifest.xml:14:13-59
156            android:launchMode="singleTop"
156-->[com.instabug.library:instabug-chat:9.1.8.2] AndroidManifest.xml:15:13-43
157            android:theme="@style/InstabugSdkTheme"
157-->[com.instabug.library:instabug-chat:9.1.8.2] AndroidManifest.xml:16:13-52
158            android:windowSoftInputMode="adjustResize" />
158-->[com.instabug.library:instabug-chat:9.1.8.2] AndroidManifest.xml:17:13-55
159
160        <service
160-->[com.instabug.library:instabug-chat:9.1.8.2] AndroidManifest.xml:19:9-21:72
161            android:name="com.instabug.chat.network.InstabugMessageUploaderService"
161-->[com.instabug.library:instabug-chat:9.1.8.2] AndroidManifest.xml:20:13-84
162            android:permission="android.permission.BIND_JOB_SERVICE" />
162-->[com.instabug.library:instabug-chat:9.1.8.2] AndroidManifest.xml:21:13-69
163        <service
163-->[com.instabug.library:instabug-chat:9.1.8.2] AndroidManifest.xml:22:9-24:72
164            android:name="com.instabug.chat.network.InstabugPushNotificationTokenService"
164-->[com.instabug.library:instabug-chat:9.1.8.2] AndroidManifest.xml:23:13-90
165            android:permission="android.permission.BIND_JOB_SERVICE" />
165-->[com.instabug.library:instabug-chat:9.1.8.2] AndroidManifest.xml:24:13-69
166
167        <activity
167-->[com.instabug.library:instabug-features-request:9.1.8.2] AndroidManifest.xml:12:9-17:58
168            android:name="com.instabug.featuresrequest.ui.FeaturesRequestActivity"
168-->[com.instabug.library:instabug-features-request:9.1.8.2] AndroidManifest.xml:13:13-83
169            android:configChanges="orientation|screenSize"
169-->[com.instabug.library:instabug-features-request:9.1.8.2] AndroidManifest.xml:14:13-59
170            android:launchMode="singleTop"
170-->[com.instabug.library:instabug-features-request:9.1.8.2] AndroidManifest.xml:15:13-43
171            android:theme="@style/Theme.AppCompat"
171-->[com.instabug.library:instabug-features-request:9.1.8.2] AndroidManifest.xml:16:13-51
172            android:windowSoftInputMode="adjustResize" />
172-->[com.instabug.library:instabug-features-request:9.1.8.2] AndroidManifest.xml:17:13-55
173
174        <service
174-->[com.instabug.library:instabug-features-request:9.1.8.2] AndroidManifest.xml:19:9-21:72
175            android:name="com.instabug.featuresrequest.network.service.FeaturesRequestVoteService"
175-->[com.instabug.library:instabug-features-request:9.1.8.2] AndroidManifest.xml:20:13-99
176            android:permission="android.permission.BIND_JOB_SERVICE" />
176-->[com.instabug.library:instabug-features-request:9.1.8.2] AndroidManifest.xml:21:13-69
177        <service
177-->[com.instabug.library:instabug-core:9.1.8.2] AndroidManifest.xml:23:9-25:72
178            android:name="com.instabug.library.analytics.network.InstabugAnalyticsUploaderService"
178-->[com.instabug.library:instabug-core:9.1.8.2] AndroidManifest.xml:24:13-99
179            android:permission="android.permission.BIND_JOB_SERVICE" />
179-->[com.instabug.library:instabug-core:9.1.8.2] AndroidManifest.xml:25:13-69
180
181        <activity
181-->[com.instabug.library:instabug-core:9.1.8.2] AndroidManifest.xml:27:9-30:66
182            android:name="com.instabug.library.internal.video.RequestPermissionActivity"
182-->[com.instabug.library:instabug-core:9.1.8.2] AndroidManifest.xml:28:13-89
183            android:configChanges="orientation|screenSize"
183-->[com.instabug.library:instabug-core:9.1.8.2] AndroidManifest.xml:29:13-59
184            android:theme="@style/InstabugTranslucentSdkTheme" />
184-->[com.instabug.library:instabug-core:9.1.8.2] AndroidManifest.xml:30:13-63
185        <activity
185-->[com.instabug.library:instabug-core:9.1.8.2] AndroidManifest.xml:31:9-34:66
186            android:name="com.instabug.library.invocation.invocationdialog.InstabugDialogActivity"
186-->[com.instabug.library:instabug-core:9.1.8.2] AndroidManifest.xml:32:13-99
187            android:launchMode="singleTask"
187-->[com.instabug.library:instabug-core:9.1.8.2] AndroidManifest.xml:33:13-44
188            android:theme="@style/InstabugTranslucentSdkTheme" />
188-->[com.instabug.library:instabug-core:9.1.8.2] AndroidManifest.xml:34:13-63
189        <activity
189-->[com.instabug.library:instabug-core:9.1.8.2] AndroidManifest.xml:35:9-38:66
190            android:name="com.instabug.library.ui.onboarding.OnboardingActivity"
190-->[com.instabug.library:instabug-core:9.1.8.2] AndroidManifest.xml:36:13-81
191            android:launchMode="singleTask"
191-->[com.instabug.library:instabug-core:9.1.8.2] AndroidManifest.xml:37:13-44
192            android:theme="@style/InstabugTranslucentSdkTheme" />
192-->[com.instabug.library:instabug-core:9.1.8.2] AndroidManifest.xml:38:13-63
193
194        <service
194-->[com.instabug.library:instabug-core:9.1.8.2] AndroidManifest.xml:40:9-45:35
195            android:name="com.instabug.library.internal.video.ScreenRecordingService"
195-->[com.instabug.library:instabug-core:9.1.8.2] AndroidManifest.xml:41:13-86
196            android:enabled="true"
196-->[com.instabug.library:instabug-core:9.1.8.2] AndroidManifest.xml:42:13-35
197            android:exported="false"
197-->[com.instabug.library:instabug-core:9.1.8.2] AndroidManifest.xml:43:13-37
198            android:foregroundServiceType="mediaProjection" />
198-->[com.instabug.library:instabug-core:9.1.8.2] AndroidManifest.xml:44:13-60
199        <service
199-->[com.instabug.library:instabug-core:9.1.8.2] AndroidManifest.xml:46:9-51:35
200            android:name="com.instabug.library.screenshot.ScreenshotCaptureService"
200-->[com.instabug.library:instabug-core:9.1.8.2] AndroidManifest.xml:47:13-84
201            android:enabled="true"
201-->[com.instabug.library:instabug-core:9.1.8.2] AndroidManifest.xml:48:13-35
202            android:exported="false"
202-->[com.instabug.library:instabug-core:9.1.8.2] AndroidManifest.xml:49:13-37
203            android:foregroundServiceType="mediaProjection" />
203-->[com.instabug.library:instabug-core:9.1.8.2] AndroidManifest.xml:50:13-60
204    </application>
205
206</manifest>